2023-02-23 16:53:31           general.py:111 [INF] requirements: VISIONAI requirements "opencv-python" "torch" "torchvision" "pandas" "seaborn" "tritonclient[all]" not found, attempting AutoUpdate...
2023-02-23 16:53:31           general.py:120 [WAR] requirements: ❌ Command 'python3 -m pip install "opencv-python" "torch" "torchvision" "pandas" "seaborn" "tritonclient[all]"  ' returned non-zero exit status 1.
2023-02-23 16:57:10           general.py:111 [INF] requirements: VISIONAI requirement "redis" not found, attempting AutoUpdate...
2023-02-23 16:57:10           general.py:120 [WAR] requirements: ❌ Command 'python3 -m pip install "redis"  ' returned non-zero exit status 1.
2023-03-02 23:04:19           general.py:111 [INF] requirements: VISIONAI requirements "opencv-python" "torch" "torchvision" "pandas" "seaborn" "tritonclient[all]" not found, attempting AutoUpdate...
2023-03-02 23:04:19           general.py:120 [WAR] requirements: ❌ Command 'python3 -m pip install "opencv-python" "torch" "torchvision" "pandas" "seaborn" "tritonclient[all]"  ' returned non-zero exit status 1.
2023-03-02 23:05:11           general.py:111 [INF] requirements: VISIONAI requirement "redis" not found, attempting AutoUpdate...
2023-03-02 23:05:11           general.py:120 [WAR] requirements: ❌ Command 'python3 -m pip install "redis"  ' returned non-zero exit status 1.
2023-03-03 15:09:59           general.py:111 [INF] requirements: VISIONAI requirements "opencv-python" "torch" "torchvision" "pandas" "seaborn" "tritonclient[all]" not found, attempting AutoUpdate...
2023-03-03 15:09:59           general.py:120 [WAR] requirements: ❌ Command 'python3 -m pip install "opencv-python" "torch" "torchvision" "pandas" "seaborn" "tritonclient[all]"  ' returned non-zero exit status 1.
2023-03-03 15:10:29           general.py:111 [INF] requirements: VISIONAI requirement "redis" not found, attempting AutoUpdate...
2023-03-03 15:10:29           general.py:120 [WAR] requirements: ❌ Command 'python3 -m pip install "redis"  ' returned non-zero exit status 1.
2023-03-03 15:42:54           general.py:111 [INF] requirements: VISIONAI requirements "opencv-python" "torch" "torchvision" "pandas" "seaborn" "tritonclient[all]" not found, attempting AutoUpdate...
2023-03-03 15:42:54           general.py:120 [WAR] requirements: ❌ Command 'python3 -m pip install "opencv-python" "torch" "torchvision" "pandas" "seaborn" "tritonclient[all]"  ' returned non-zero exit status 1.
2023-03-03 15:43:28           general.py:111 [INF] requirements: VISIONAI requirement "redis" not found, attempting AutoUpdate...
2023-03-03 15:43:28           general.py:120 [WAR] requirements: ❌ Command 'python3 -m pip install "redis"  ' returned non-zero exit status 1.
2023-03-03 17:42:08           general.py:111 [INF] requirements: VISIONAI requirements "opencv-python" "torch" "torchvision" "pandas" "seaborn" "tritonclient[all]" not found, attempting AutoUpdate...
2023-03-03 17:42:08           general.py:120 [WAR] requirements: ❌ Command 'python3 -m pip install "opencv-python" "torch" "torchvision" "pandas" "seaborn" "tritonclient[all]"  ' returned non-zero exit status 1.
2023-03-03 17:43:20           general.py:111 [INF] requirements: VISIONAI requirement "redis" not found, attempting AutoUpdate...
2023-03-03 17:43:20           general.py:120 [WAR] requirements: ❌ Command 'python3 -m pip install "redis"  ' returned non-zero exit status 1.
2023-03-03 22:11:33           general.py:111 [INF] requirements: VISIONAI requirement "redis" not found, attempting AutoUpdate...
2023-03-03 22:11:33           general.py:120 [WAR] requirements: ❌ Command 'python3 -m pip install "redis"  ' returned non-zero exit status 1.
2023-03-14 19:23:42           general.py:111 [INF] requirements: VISIONAI requirement "redis" not found, attempting AutoUpdate...
2023-03-14 19:23:42           general.py:120 [WAR] requirements: ❌ Command 'python3 -m pip install "redis"  ' returned non-zero exit status 1.
2023-03-14 20:03:48           general.py:111 [INF] requirements: VISIONAI requirement "redis" not found, attempting AutoUpdate...
2023-03-14 20:03:48           general.py:120 [WAR] requirements: ❌ Command 'python3 -m pip install "redis"  ' returned non-zero exit status 1.
2023-03-31 14:37:46           general.py:111 [INF] requirements: VISIONAI requirement "redis" not found, attempting AutoUpdate...
2023-03-31 14:37:46           general.py:120 [WAR] requirements: ❌ Command 'python3 -m pip install "redis"  ' returned non-zero exit status 1.
2023-03-31 15:31:51           general.py:111 [INF] requirements: VISIONAI requirement "redis" not found, attempting AutoUpdate...
2023-03-31 15:31:51           general.py:120 [WAR] requirements: ❌ Command 'python3 -m pip install "redis"  ' returned non-zero exit status 1.
2023-04-01 12:53:20   download_models.py: 38 [INF] 
2023-04-01 13:30:00           general.py:111 [INF] requirements: VISIONAI requirement "redis" not found, attempting AutoUpdate...
2023-04-01 13:30:00           general.py:120 [WAR] requirements: ❌ Command 'python3 -m pip install "redis"  ' returned non-zero exit status 1.
2023-04-03 21:12:01           general.py:111 [INF] requirements: VISIONAI requirement "redis" not found, attempting AutoUpdate...
2023-04-03 21:12:01           general.py:120 [WAR] requirements: ❌ Command 'python3 -m pip install "redis"  ' returned non-zero exit status 1.
2023-04-04 01:02:45           general.py:111 [INF] requirements: VISIONAI requirement "redis" not found, attempting AutoUpdate...
2023-04-04 01:02:45           general.py:120 [WAR] requirements: ❌ Command 'python3 -m pip install "redis"  ' returned non-zero exit status 1.
2023-04-04 12:41:22           general.py:111 [INF] requirements: VISIONAI requirement "redis" not found, attempting AutoUpdate...
2023-04-04 12:41:22           general.py:120 [WAR] requirements: ❌ Command 'python3 -m pip install "redis"  ' returned non-zero exit status 1.
